.\Libv\*.*
.\Dlls\*.*
.\Sounds\*.*
.\Ejemplos\*.*
.\Help\*.*
.\Delfines\*.*
.\Admin\*.*
.\ModeloDB\*.*
.\Sql\*.*
.\*.zip
.\*.exe
.\*.bak
.\*.fxp
.\Icons\Thumbs.db
.\Bmps\Thumbs.db
.\GrafGen\JPEG\Thumbs.db
.\GrafGen\Iconos\Thumbs.db
.\GrafGen\gif\Thumbs.db
.\GrafGen\Fondos\Thumbs.db
.\GrafGen\Cursores\Thumbs.db
.\GrafGen\*.zip
.\GrafGen\*.rar
.\GrafGen\*.exe
.\Ayudas\Thumbs.db
.\Ayudas\*.exe
.\Ayudas\*.zip
.\Ayudas\*.rar
.\Ayudas\Tools\*.*
.\BsInfo\progs\DbcEvents\*.*
.\BsInfo\progs\setup_file_date.*
.\BsInfo\Forms\Check_System1.*