D:\AplVfp\Libv\*.*
D:\AplVfp\Sounds\*.*
D:\AplVfp\Ejemplos\*.*
D:\AplVfp\Help\*.*
D:\AplVfp\Delfines\*.*
D:\AplVfp\Admin\*.*
D:\AplVfp\ModeloDB\*.*
D:\AplVfp\Sql\*.*
D:\AplVfp\*.zip
D:\AplVfp\*.exe
D:\AplVfp\*.bak
D:\AplVfp\*.fxp
D:\AplVfp\Icons\Thumbs.db
D:\AplVfp\Bmps\Thumbs.db
D:\AplVfp\GrafGen\JPEG\Thumbs.db
D:\AplVfp\GrafGen\Iconos\Thumbs.db
D:\AplVfp\GrafGen\gif\Thumbs.db
D:\AplVfp\GrafGen\Fondos\Thumbs.db
D:\AplVfp\GrafGen\Cursores\Thumbs.db
D:\AplVfp\GrafGen\*.zip
D:\AplVfp\GrafGen\*.rar
\AplVfp\GrafGen\*.exe
\AplVfp\Ayudas\Thumbs.db
\AplVfp\Ayudas\*.exe
\AplVfp\Ayudas\*.zip
\AplVfp\Ayudas\*.rar
\AplVfp\Ayudas\Tools\*.*
