K:\AplVfp\Libv\*.*
K:\AplVfp\Sounds\*.*
K:\AplVfp\Ejemplos\*.*
K:\AplVfp\Help\*.*
K:\AplVfp\Delfines\*.*
K:\AplVfp\Admin\*.*
K:\AplVfp\ModeloDB\*.*
K:\AplVfp\Sql\*.*
K:\AplVfp\*.zip
K:\AplVfp\*.exe
K:\AplVfp\*.bak
K:\AplVfp\*.fxp
K:\AplVfp\Icons\Thumbs.db
K:\AplVfp\Bmps\Thumbs.db
K:\AplVfp\GrafGen\JPEG\Thumbs.db
K:\AplVfp\GrafGen\Iconos\Thumbs.db
K:\AplVfp\GrafGen\gif\Thumbs.db
K:\AplVfp\GrafGen\Fondos\Thumbs.db
K:\AplVfp\GrafGen\Cursores\Thumbs.db
K:\AplVfp\GrafGen\*.zip
K:\AplVfp\GrafGen\*.rar
\AplVfp\GrafGen\*.exe
\AplVfp\Ayudas\Thumbs.db
\AplVfp\Ayudas\*.exe
\AplVfp\Ayudas\*.zip
\AplVfp\Ayudas\*.rar
\AplVfp\Ayudas\Tools\*.*
